<?xml version="1.0" encoding="UTF-8"?>
<!-- Generated by org.testng.reporters.JUnitReportReporter -->
<testsuite hostname="DESKTOP-66J2ROA" failures="0" tests="1" name="com.learnautomation.testcases.LoginTestCRM" time="0.975" errors="0" timestamp="2022-05-04T11:41:15 IST" skipped="0">
  <testcase classname="com.learnautomation.testcases.LoginTestCRM" name="loginApp" time="0.975"/>
  <system-out/>
</testsuite> <!-- com.learnautomation.testcases.LoginTestCRM -->
