<?xml version="1.0" encoding="UTF-8"?>
<!-- Generated by org.testng.reporters.JUnitReportReporter -->
<testsuite hostname="DESKTOP-66J2ROA" failures="0" tests="1" name="com.learnautomation.testcases.LoginTestCRM" time="1.393" errors="0" timestamp="04 May 2022 03:15:00 GMT" skipped="0">
  <testcase classname="com.learnautomation.testcases.LoginTestCRM" name="loginApp" time="1.393"/>
</testsuite> <!-- com.learnautomation.testcases.LoginTestCRM -->
