<?xml version="1.0" encoding="UTF-8"?>
<!-- Generated by org.testng.reporters.JUnitReportReporter -->
<testsuite hostname="DESKTOP-66J2ROA" failures="0" tests="1" name="Test.LoginTest" time="45.571" errors="0" timestamp="11 May 2022 06:09:39 GMT" skipped="0">
  <testcase classname="Test.LoginTest" name="logintest" time="45.571"/>
</testsuite> <!-- Test.LoginTest -->
